<?xml version="1.0" encoding="UTF-8"?>
<!-- Generated by org.testng.reporters.JUnitReportReporter -->
<testsuite hostname="DESKTOP-2L9VG17" failures="0" tests="3" name="testNGPack.Demo" time="0.029" errors="0" timestamp="2023-01-27T01:26:29 IST" skipped="0">
  <testcase classname="testNGPack.Demo" name="demo" time="0.021"/>
  <system-out>
    <![CDATA[This is the method from Demo]]>
  </system-out>
  <testcase classname="testNGPack.Demo" name="demo2" time="0.004"/>
  <system-out>
    <![CDATA[This is the method from Demo2]]>
  </system-out>
  <testcase classname="testNGPack.Demo" name="demo1" time="0.004"/>
  <system-out>
    <![CDATA[This is the method from Demo1]]>
  </system-out>
</testsuite> <!-- testNGPack.Demo -->
