<?xml version="1.0" encoding="UTF-8"?>
<!-- Generated by org.testng.reporters.JUnitReportReporter -->
<testsuite hostname="DESKTOP-2L9VG17" failures="0" tests="1" name="testNGpack2.Class2" time="169.366" errors="0" timestamp="2023-01-22T17:53:51 IST" skipped="0">
  <testcase classname="testNGpack2.Class2" name="manualTesting" time="169.366"/>
  <system-out/>
</testsuite> <!-- testNGpack2.Class2 -->
