<?xml version="1.0" encoding="UTF-8"?>
<!-- Generated by org.testng.reporters.JUnitReportReporter -->
<testsuite hostname="DESKTOP-2L9VG17" failures="0" tests="3" name="testNGParallelExecution.testngClass1" time="0.027" errors="0" timestamp="2023-01-26T00:26:42 IST" skipped="0">
  <testcase classname="testNGParallelExecution.testngClass1" name="demo5" time="0.002"/>
  <system-out>
    <![CDATA[Second demo5]]>
  </system-out>
  <testcase classname="testNGParallelExecution.testngClass1" name="demo8" time="0.009"/>
  <system-out>
    <![CDATA[Three demo8]]>
  </system-out>
  <testcase classname="testNGParallelExecution.testngClass1" name="demo1" time="0.016"/>
  <system-out>
    <![CDATA[first demo1]]>
  </system-out>
</testsuite> <!-- testNGParallelExecution.testngClass1 -->
