<?xml version="1.0" encoding="UTF-8"?>
<!-- Generated by org.testng.reporters.JUnitReportReporter -->
<testsuite hostname="DESKTOP-2L9VG17" failures="0" tests="2" name="testNGParallelExecution.TestingMethodClass3" time="20.259" errors="0" timestamp="2023-01-26T02:29:01 IST" skipped="0">
  <testcase classname="testNGParallelExecution.TestingMethodClass3" name="m2" time="7.689"/>
  <system-out>
    <![CDATA[m2]]>
  </system-out>
  <testcase classname="testNGParallelExecution.TestingMethodClass3" name="m1" time="12.570"/>
  <system-out>
    <![CDATA[m1]]>
  </system-out>
</testsuite> <!-- testNGParallelExecution.TestingMethodClass3 -->
