<?xml version="1.0" encoding="UTF-8"?>
<!-- Generated by org.testng.reporters.JUnitReportReporter -->
<testsuite hostname="DESKTOP-2L9VG17" failures="0" tests="8" name="testng.InvocationCountPractice" time="0.068" errors="0" timestamp="2023-01-27T01:17:44 IST" skipped="0">
  <testcase classname="testng.InvocationCountPractice" name="demo4" time="0.005"/>
  <system-out/>
  <testcase classname="testng.InvocationCountPractice" name="demo3" time="0.004"/>
  <system-out/>
  <testcase classname="testng.InvocationCountPractice" name="demo1" time="0.004"/>
  <system-out/>
  <testcase classname="testng.InvocationCountPractice" name="demo3" time="0.010"/>
  <system-out/>
  <testcase classname="testng.InvocationCountPractice" name="demo3" time="0.009"/>
  <system-out/>
  <testcase classname="testng.InvocationCountPractice" name="demo0" time="0.024"/>
  <system-out/>
  <testcase classname="testng.InvocationCountPractice" name="demo1" time="0.004"/>
  <system-out/>
  <testcase classname="testng.InvocationCountPractice" name="demo0" time="0.008"/>
  <system-out/>
</testsuite> <!-- testng.InvocationCountPractice -->
