<?xml version="1.0" encoding="UTF-8"?>
<!-- Generated by org.testng.reporters.JUnitReportReporter -->
<testsuite hostname="DESKTOP-2L9VG17" failures="0" tests="2" name="testNGParallelExecution.TestngTestClass2" time="118.214" errors="0" timestamp="2023-01-26T01:14:25 IST" skipped="0">
  <testcase classname="testNGParallelExecution.TestngTestClass2" name="demo2" time="59.122"/>
  <system-out>
    <![CDATA[Second]]>
  </system-out>
  <testcase classname="testNGParallelExecution.TestngTestClass2" name="demo2" time="59.092"/>
  <system-out>
    <![CDATA[Second]]>
  </system-out>
</testsuite> <!-- testNGParallelExecution.TestngTestClass2 -->
