<?xml version="1.0" encoding="UTF-8"?>
<!-- Generated by org.testng.reporters.JUnitReportReporter -->
<testsuite hostname="DESKTOP-2L9VG17" failures="0" tests="3" name="testNGPack.Remo" time="0.023" errors="0" timestamp="2023-01-27T01:26:29 IST" skipped="0">
  <testcase classname="testNGPack.Remo" name="remo" time="0.005"/>
  <system-out>
    <![CDATA[This is the method of remo]]>
  </system-out>
  <testcase classname="testNGPack.Remo" name="remo1" time="0.009"/>
  <system-out>
    <![CDATA[This is the method of remo1]]>
  </system-out>
  <testcase classname="testNGPack.Remo" name="remo2" time="0.009"/>
  <system-out>
    <![CDATA[This is the method of remo2]]>
  </system-out>
</testsuite> <!-- testNGPack.Remo -->
