<?xml version="1.0" encoding="UTF-8"?>
<!-- Generated by org.testng.reporters.JUnitReportReporter -->
<testsuite hostname="DESKTOP-2L9VG17" failures="0" tests="3" name="testNGPack.Sumo" time="0.010" errors="0" timestamp="2023-01-27T01:26:29 IST" skipped="0">
  <testcase classname="testNGPack.Sumo" name="sumo" time="0.006"/>
  <system-out>
    <![CDATA[This is the method of sumo]]>
  </system-out>
  <testcase classname="testNGPack.Sumo" name="sumo2" time="0.001"/>
  <system-out>
    <![CDATA[This is the method of sumo2]]>
  </system-out>
  <testcase classname="testNGPack.Sumo" name="sumo1" time="0.003"/>
  <system-out>
    <![CDATA[This is the method of sumo1]]>
  </system-out>
</testsuite> <!-- testNGPack.Sumo -->
