<?xml version="1.0" encoding="UTF-8"?>
<!-- Generated by org.testng.reporters.JUnitReportReporter -->
<testsuite hostname="DESKTOP-2L9VG17" failures="0" tests="2" name="testNGPack.TestValidLogin2" time="234.786" errors="0" timestamp="2023-01-28T12:03:38 IST" skipped="0">
  <testcase classname="testNGPack.TestValidLogin2" name="method1" time="159.614"/>
  <system-out/>
  <testcase classname="testNGPack.TestValidLogin2" name="method1" time="75.172"/>
  <system-out/>
</testsuite> <!-- testNGPack.TestValidLogin2 -->
