<?xml version="1.0" encoding="UTF-8"?>
<!-- Generated by org.testng.reporters.JUnitReportReporter -->
<testsuite hostname="DESKTOP-2L9VG17" failures="0" tests="2" name="testNGpack2.Annotations" time="0.028" errors="0" timestamp="2023-01-26T23:40:38 IST" skipped="0">
  <testcase classname="testNGpack2.Annotations" name="test" time="0.023"/>
  <system-out/>
  <testcase classname="testNGpack2.Annotations" name="test2" time="0.005"/>
  <system-out/>
</testsuite> <!-- testNGpack2.Annotations -->
