<?xml version="1.0" encoding="UTF-8"?>
<!-- Generated by org.testng.reporters.JUnitReportReporter -->
<testsuite hostname="DESKTOP-2L9VG17" failures="0" tests="1" name="testNGpack2.GroupFlag2" time="0.017" errors="0" timestamp="2023-01-22T17:42:36 IST" skipped="0">
  <testcase classname="testNGpack2.GroupFlag2" name="test21" time="0.017"/>
  <system-out>
    <![CDATA[Functional Testing]]>
  </system-out>
</testsuite> <!-- testNGpack2.GroupFlag2 -->
