<?xml version="1.0" encoding="UTF-8"?>
<!-- Generated by org.testng.reporters.JUnitReportReporter -->
<testsuite hostname="DESKTOP-2L9VG17" failures="0" tests="7" name="testNGpack2.Flag5" time="0.032" errors="0" timestamp="2023-01-22T19:51:21 IST" skipped="0">
  <testcase classname="testNGpack2.Flag5" name="g" time="0.014"/>
  <system-out/>
  <testcase classname="testNGpack2.Flag5" name="f" time="0.002"/>
  <system-out/>
  <testcase classname="testNGpack2.Flag5" name="d" time="0.001"/>
  <system-out/>
  <testcase classname="testNGpack2.Flag5" name="e" time="0.004"/>
  <system-out/>
  <testcase classname="testNGpack2.Flag5" name="c" time="0.005"/>
  <system-out/>
  <testcase classname="testNGpack2.Flag5" name="b" time="0.003"/>
  <system-out/>
  <testcase classname="testNGpack2.Flag5" name="a" time="0.003"/>
  <system-out/>
</testsuite> <!-- testNGpack2.Flag5 -->
