<?xml version="1.0" encoding="UTF-8"?>
<!-- Generated by org.testng.reporters.JUnitReportReporter -->
<testsuite hostname="DESKTOP-2L9VG17" failures="0" tests="6" name="testng.PriorityPractice" time="0.036" errors="0" timestamp="2023-01-22T23:40:20 IST" skipped="0">
  <testcase classname="testng.PriorityPractice" name="demo2" time="0.015"/>
  <system-out/>
  <testcase classname="testng.PriorityPractice" name="demo3" time="0.003"/>
  <system-out/>
  <testcase classname="testng.PriorityPractice" name="demo6" time="0.008"/>
  <system-out/>
  <testcase classname="testng.PriorityPractice" name="demo4" time="0.002"/>
  <system-out/>
  <testcase classname="testng.PriorityPractice" name="demo5" time="0.005"/>
  <system-out/>
  <testcase classname="testng.PriorityPractice" name="demo1" time="0.003"/>
  <system-out/>
</testsuite> <!-- testng.PriorityPractice -->
