<?xml version="1.0" encoding="UTF-8"?>
<!-- Generated by org.testng.reporters.JUnitReportReporter -->
<testsuite hostname="DESKTOP-2L9VG17" failures="0" tests="1" name="testNGParallelExecution.TestngTestClass1" time="30.603" errors="0" timestamp="2023-01-26T02:29:01 IST" skipped="0">
  <testcase classname="testNGParallelExecution.TestngTestClass1" name="demo1" time="30.603"/>
  <system-out>
    <![CDATA[First]]>
  </system-out>
</testsuite> <!-- testNGParallelExecution.TestngTestClass1 -->
