<?xml version="1.0" encoding="UTF-8"?>
<!-- Generated by org.testng.reporters.JUnitReportReporter -->
<testsuite hostname="DESKTOP-2L9VG17" failures="0" tests="2" name="testNGPack.SelectBrowser" time="108.337" errors="0" timestamp="2023-01-27T12:10:42 IST" skipped="0">
  <testcase classname="testNGPack.SelectBrowser" name="openBrowser" time="93.310"/>
  <system-out/>
  <testcase classname="testNGPack.SelectBrowser" name="openBrowser" time="15.027"/>
  <system-out/>
</testsuite> <!-- testNGPack.SelectBrowser -->
