<?xml version="1.0" encoding="UTF-8"?>
<!-- Generated by org.testng.reporters.JUnitReportReporter -->
<testsuite hostname="DESKTOP-2L9VG17" failures="0" tests="3" name="testNGpack2.Flag4" time="0.040" errors="0" timestamp="2023-01-22T15:54:42 IST" skipped="0">
  <testcase classname="testNGpack2.Flag4" name="logout" time="0.004"/>
  <system-out>
    <![CDATA[This is logout]]>
  </system-out>
  <testcase classname="testNGpack2.Flag4" name="createUser" time="0.006"/>
  <system-out>
    <![CDATA[This is createUser]]>
  </system-out>
  <testcase classname="testNGpack2.Flag4" name="login" time="0.030"/>
  <system-out>
    <![CDATA[This is login]]>
  </system-out>
</testsuite> <!-- testNGpack2.Flag4 -->
