<?xml version="1.0" encoding="UTF-8"?>
<!-- Generated by org.testng.reporters.JUnitReportReporter -->
<testsuite hostname="DESKTOP-2L9VG17" failures="0" tests="1" name="testNGpack2.Flag1" time="43.481" errors="0" timestamp="2023-01-21T00:01:49 IST" skipped="0">
  <testcase classname="testNGpack2.Flag1" name="actiTimeLogin" time="43.481"/>
  <system-out/>
</testsuite> <!-- testNGpack2.Flag1 -->
