<?xml version="1.0" encoding="UTF-8"?>
<!-- Generated by org.testng.reporters.JUnitReportReporter -->
<testsuite hostname="DESKTOP-2L9VG17" failures="0" tests="10" name="testNGpack2.Flag3" time="101.160" errors="0" timestamp="2023-01-21T00:38:32 IST" skipped="0">
  <testcase classname="testNGpack2.Flag3" name="actiTimeLogin" time="8.023"/>
  <system-out/>
  <testcase classname="testNGpack2.Flag3" name="actiTimeLogin" time="26.619"/>
  <system-out/>
  <testcase classname="testNGpack2.Flag3" name="actiTimeLogin" time="7.581"/>
  <system-out/>
  <testcase classname="testNGpack2.Flag3" name="actiTimeLogin" time="6.147"/>
  <system-out/>
  <testcase classname="testNGpack2.Flag3" name="actiTimeLogin" time="10.970"/>
  <system-out/>
  <testcase classname="testNGpack2.Flag3" name="actiTimeLogin" time="9.727"/>
  <system-out/>
  <testcase classname="testNGpack2.Flag3" name="actiTimeLogin" time="9.746"/>
  <system-out/>
  <testcase classname="testNGpack2.Flag3" name="actiTimeLogin" time="6.903"/>
  <system-out/>
  <testcase classname="testNGpack2.Flag3" name="actiTimeLogin" time="9.329"/>
  <system-out/>
  <testcase classname="testNGpack2.Flag3" name="actiTimeLogin" time="6.115"/>
  <system-out/>
</testsuite> <!-- testNGpack2.Flag3 -->
