<?xml version="1.0" encoding="UTF-8"?>
<!-- Generated by org.testng.reporters.JUnitReportReporter -->
<testsuite hostname="DESKTOP-2L9VG17" failures="0" tests="4" name="testNGpack2.Flag2" time="0.030" errors="0" timestamp="2023-01-21T11:13:48 IST" skipped="0">
  <testcase classname="testNGpack2.Flag2" name="aaatest2" time="0.016"/>
  <system-out/>
  <testcase classname="testNGpack2.Flag2" name="aakash" time="0.004"/>
  <system-out/>
  <testcase classname="testNGpack2.Flag2" name="actiTimeLogin" time="0.003"/>
  <system-out/>
  <testcase classname="testNGpack2.Flag2" name="test1" time="0.007"/>
  <system-out/>
</testsuite> <!-- testNGpack2.Flag2 -->
