<?xml version="1.0" encoding="UTF-8"?>
<!-- Generated by org.testng.reporters.JUnitReportReporter -->
<testsuite hostname="DESKTOP-2L9VG17" failures="0" tests="1" name="testNGPack.TestValidLogin" time="7.298" errors="0" timestamp="2023-01-27T11:38:51 IST" skipped="0">
  <testcase classname="testNGPack.TestValidLogin" name="validLogin" time="7.298"/>
  <system-out/>
</testsuite> <!-- testNGPack.TestValidLogin -->
