<?xml version="1.0" encoding="UTF-8"?>
<!-- Generated by org.testng.reporters.JUnitReportReporter -->
<testsuite hostname="DESKTOP-2L9VG17" failures="0" tests="6" name="testNGpack2.Flag7_Group" time="0.052" errors="0" timestamp="2023-01-27T01:16:59 IST" skipped="0">
  <testcase classname="testNGpack2.Flag7_Group" name="ft2" time="0.006"/>
  <system-out>
    <![CDATA[Functional Testing 2]]>
  </system-out>
  <testcase classname="testNGpack2.Flag7_Group" name="ft3" time="0.003"/>
  <system-out>
    <![CDATA[Functional Testing 3]]>
  </system-out>
  <testcase classname="testNGpack2.Flag7_Group" name="st1" time="0.004"/>
  <system-out>
    <![CDATA[System Testing 1]]>
  </system-out>
  <testcase classname="testNGpack2.Flag7_Group" name="st3" time="0.013"/>
  <system-out>
    <![CDATA[System Testing 3]]>
  </system-out>
  <testcase classname="testNGpack2.Flag7_Group" name="ft1" time="0.024"/>
  <system-out>
    <![CDATA[Functional Testing 1]]>
  </system-out>
  <testcase classname="testNGpack2.Flag7_Group" name="st2" time="0.002"/>
  <system-out>
    <![CDATA[System Testing 2]]>
  </system-out>
</testsuite> <!-- testNGpack2.Flag7_Group -->
